2022/12/09 15:52:57 logger.go:25: LogFile : logger/grammatical_errors.log
2022/12/09 15:52:57 main.go:28: Нет ошибок - коммуникабельность, стрессоустойчивость
2022/12/09 15:52:57 main.go:28: Нет ошибок - наука
2022/12/09 15:52:58 main.go:28: Нет ошибок - способность к обучению и восприятию информации
2022/12/09 15:52:58 main.go:28: Нет ошибок - 1c: финансы
2022/12/09 15:52:58 main.go:28: Нет ошибок - планирование
2022/12/09 15:52:58 main.go:28: Нет ошибок - сбор и анализ информации
2022/12/09 15:52:58 main.go:28: Нет ошибок - кариес
2022/12/09 15:52:58 main.go:28: Нет ошибок - стремление к саморазвитию
2022/12/09 15:52:58 main.go:28: Нет ошибок - творческое мышление
2022/12/09 15:52:58 main.go:28: Нет ошибок - педиатрия
2022/12/09 15:52:58 main.go:28: Нет ошибок - высокая скорость печати
2022/12/09 15:52:58 main.go:28: Нет ошибок - профессионализм,современный подход к лечению
2022/12/09 15:52:58 main.go:28: Нет ошибок - организация совещаний
2022/12/09 15:52:58 main.go:28: Нет ошибок - разработка концепции
2022/12/09 15:52:58 main.go:28: Нет ошибок - первая медицинская помощь
2022/12/09 15:52:58 main.go:28: Нет ошибок - опытный пользователь пк
2022/12/09 15:52:58 main.go:28: Нет ошибок - обучение и развитие
2022/12/09 15:52:58 main.go:28: Нет ошибок - деловая коммуникация
2022/12/09 15:52:58 main.go:28: Нет ошибок - телефонные переговоры
2022/12/09 15:52:58 main.go:28: Нет ошибок - выездное обслуживание
2022/12/09 15:52:58 main.go:28: Нет ошибок - медицина
2022/12/09 15:52:58 main.go:28: Нет ошибок - навыки презентации
2022/12/09 15:52:59 main.go:28: Нет ошибок - лечение
2022/12/09 15:52:59 main.go:28: Нет ошибок - умение организовать работу
2022/12/09 15:52:59 main.go:28: Нет ошибок - организация конференций
2022/12/09 15:52:59 main.go:28: Нет ошибок - приемка груза
2022/12/09 15:52:59 main.go:28: Нет ошибок - ведение клиентской базы
2022/12/09 15:52:59 main.go:28: Нет ошибок - преподавание
2022/12/09 15:52:59 main.go:28: Нет ошибок - работа с материалами filtek, estelite и др..
2022/12/09 15:52:59 main.go:28: Нет ошибок - работа с микроскопом
2022/12/09 15:52:59 main.go:28: Нет ошибок - работа с компьютером
2022/12/09 15:52:59 main.go:28: Нет ошибок - turbo pascal
2022/12/09 15:52:59 main.go:28: Нет ошибок - офисная техника
2022/12/09 15:52:59 main.go:28: Нет ошибок - точность и внимательность
2022/12/09 15:52:59 main.go:28: Нет ошибок - уверенный пользователь компьютера
2022/12/09 15:52:59 main.go:28: Нет ошибок - медицинский персонал
2022/12/09 15:52:59 main.go:28: Нет ошибок - ре
2022/12/09 15:52:59 main.go:28: Нет ошибок - делопроизводство
2022/12/09 15:52:59 main.go:28: Нет ошибок - практическая медицина
2022/12/09 15:52:59 main.go:28: Нет ошибок - навыки амбулаторной хирургии
2022/12/09 15:52:59 main.go:28: Нет ошибок - уборка
2022/12/09 15:52:59 main.go:28: Нет ошибок - лечение корневых каналов
2022/12/09 15:53:00 main.go:28: Нет ошибок - предпечатная подготовка
2022/12/09 15:53:00 main.go:28: Нет ошибок - управленческие навыки
2022/12/09 15:53:00 main.go:28: Нет ошибок - ответственность и исполнительность
2022/12/09 15:53:00 main.go:28: Нет ошибок - стремление к профессиональному развитию
2022/12/09 15:53:00 main.go:28: Нет ошибок - медосмотры
2022/12/09 15:53:00 main.go:28: Нет ошибок - ведение медицинской документации
2022/12/09 15:53:00 main.go:25: Исправили навык - интернет
2022/12/09 15:53:00 main.go:28: Нет ошибок - опрятный внешний вид
2022/12/09 15:53:00 main.go:28: Нет ошибок - опыт работы с детьми
2022/12/09 15:53:00 main.go:28: Нет ошибок - функциональная диагностика
2022/12/09 15:53:00 main.go:28: Нет ошибок - умение планировать
2022/12/09 15:53:00 main.go:28: Нет ошибок - улаживание конфликтов
2022/12/09 15:53:00 main.go:28: Нет ошибок - анализы
2022/12/09 15:53:00 main.go:28: Нет ошибок - стоматолог-терапевт
2022/12/09 15:53:00 main.go:28: Нет ошибок - терапевт
2022/12/09 15:53:00 main.go:28: Нет ошибок - добросовестность
2022/12/09 15:53:00 main.go:28: Нет ошибок - мис
2022/12/09 15:53:00 main.go:28: Нет ошибок - тактичность
2022/12/09 15:53:00 main.go:28: Нет ошибок - амбулаторный прием
2022/12/09 15:53:01 main.go:28: Нет ошибок - работа с возражениями
2022/12/09 15:53:01 main.go:28: Нет ошибок - конференции
2022/12/09 15:53:01 main.go:28: Нет ошибок - стоматология
2022/12/09 15:53:01 main.go:28: Нет ошибок - навыки переговоров
2022/12/09 15:53:01 main.go:28: Нет ошибок - принимать решения и за их результаты отвечать самостоятельно
2022/12/09 15:53:01 main.go:28: Нет ошибок - умение найти подход к пациенту и его родителям
2022/12/09 15:53:01 main.go:28: Нет ошибок - общая психология
2022/12/09 15:53:01 main.go:28: Нет ошибок - прием посетителей
2022/12/09 15:53:01 main.go:28: Нет ошибок - корпоративная этика
2022/12/09 15:53:01 main.go:28: Нет ошибок - микроскопия
2022/12/09 15:53:01 main.go:28: Нет ошибок - медицинская документация
2022/12/09 15:53:01 main.go:28: Нет ошибок - лечение кариеса
2022/12/09 15:53:01 main.go:28: Нет ошибок - опыт работы более 10 лет
2022/12/09 15:53:01 main.go:28: Нет ошибок - электронная почта
2022/12/09 15:53:01 main.go:28: Нет ошибок - работа в команде
2022/12/09 15:53:01 main.go:28: Нет ошибок - знание современных методик диагностики и лечения
2022/12/09 15:53:01 main.go:28: Нет ошибок - работа с большим объемом информации
2022/12/09 15:53:01 main.go:28: Нет ошибок - ms internet
2022/12/09 15:53:01 main.go:28: Нет ошибок - дневной стационар
2022/12/09 15:53:02 main.go:28: Нет ошибок - лечение пульпитов
2022/12/09 15:53:02 main.go:28: Нет ошибок - неврология
2022/12/09 15:53:02 main.go:28: Нет ошибок - внутримышечные инъекции
2022/12/09 15:53:02 main.go:28: Нет ошибок - копирайтинг
2022/12/09 15:53:02 main.go:28: Нет ошибок - оценка потребностей клиентов
2022/12/09 15:53:02 main.go:28: Нет ошибок - внимательность, ответственность
2022/12/09 15:53:02 main.go:28: Нет ошибок - профосмотры
2022/12/09 15:53:02 main.go:28: Нет ошибок - оказание медицинской помощи пациентам с диагнозом covid-19
2022/12/09 15:53:02 main.go:28: Нет ошибок - стоматолог терапевт
2022/12/09 15:53:02 main.go:28: Нет ошибок - работа с радиовизиографом, апекслокатором.
2022/12/09 15:53:02 main.go:28: Нет ошибок - лабораторная работа
2022/12/09 15:53:02 main.go:28: Нет ошибок - лояльность
2022/12/09 15:53:02 main.go:28: Нет ошибок - научные исследования
2022/12/09 15:53:03 main.go:28: Нет ошибок - диагностика
2022/12/09 15:53:03 main.go:28: Нет ошибок - внутренний контроль
2022/12/09 15:53:03 main.go:28: Нет ошибок - терапевтический прием
2022/12/09 15:53:03 main.go:28: Нет ошибок - красная зона
2022/12/09 15:53:03 main.go:28: Нет ошибок - хирургическая стоматология
2022/12/09 15:53:03 main.go:28: Нет ошибок - уверенный пользователь пк
2022/12/09 15:53:03 main.go:28: Нет ошибок - ms office
2022/12/09 15:53:03 main.go:28: Нет ошибок - управленческая отчетность
2022/12/09 15:53:03 main.go:28: Нет ошибок - дистанционное обучение
2022/12/09 15:53:03 main.go:28: Нет ошибок - эндодонтическая обработка корневых каналов
2022/12/09 15:53:03 main.go:28: Нет ошибок - эндокринология
2022/12/09 15:53:03 main.go:28: Нет ошибок - проведение опросов общественного мнения
2022/12/09 15:53:03 main.go:28: Нет ошибок - работа с базами данных
2022/12/09 15:53:03 main.go:28: Нет ошибок - ведение пациентов
2022/12/09 15:53:03 main.go:28: Нет ошибок - организация и планирование рабочего времени
2022/12/09 15:53:03 main.go:28: Нет ошибок - больничные листы
2022/12/09 15:53:03 main.go:28: Нет ошибок - медицинское оборудование
2022/12/09 15:53:03 main.go:28: Нет ошибок - лечение под микроскопом
2022/12/09 15:53:03 main.go:28: Нет ошибок - управление проектами
2022/12/09 15:53:04 main.go:25: Исправили навык - медицинская статистика
2022/12/09 15:53:04 main.go:28: Нет ошибок - лечебная деятельность
2022/12/09 15:53:04 main.go:28: Нет ошибок - лабораторная диагностика
2022/12/09 15:53:04 main.go:28: Нет ошибок - профилактика
2022/12/09 15:53:04 main.go:28: Нет ошибок - ms movie maker
2022/12/09 15:53:04 main.go:28: Нет ошибок - ms publisher
2022/12/09 15:53:04 main.go:28: Нет ошибок - adobe photoshop
2022/12/09 15:53:04 main.go:28: Нет ошибок - остеопатия
2022/12/09 15:53:04 main.go:28: Нет ошибок - экспертиза временной нетрудоспособности
2022/12/09 15:53:04 main.go:28: Нет ошибок - кт
2022/12/09 15:53:04 main.go:28: Нет ошибок - сбор анамнеза
2022/12/09 15:53:04 main.go:28: Нет ошибок - аллергология
2022/12/09 15:53:04 main.go:28: Нет ошибок - пульмонология
2022/12/09 15:53:04 main.go:28: Нет ошибок - изделия медицинского назначения
2022/12/09 15:53:04 main.go:28: Нет ошибок - активный пользователь пк
2022/12/09 15:53:04 main.go:28: Нет ошибок - действующий сертификат
2022/12/09 15:53:04 main.go:28: Нет ошибок - программирование 3d-графики
2022/12/09 15:53:04 main.go:28: Нет ошибок - способность обучать других
2022/12/09 15:53:04 main.go:28: Нет ошибок - высокая энергичность
2022/12/09 15:53:05 main.go:28: Нет ошибок - умение работать в коллективе
2022/12/09 15:53:05 main.go:28: Нет ошибок - семейная медицина
2022/12/09 15:53:05 main.go:28: Нет ошибок - ms expert
2022/12/09 15:53:05 main.go:28: Нет ошибок - медосмотры и вакцинация
2022/12/09 15:53:05 main.go:28: Нет ошибок - деловая переписка
2022/12/09 15:53:05 main.go:28: Нет ошибок - оказание медицинской помощи
2022/12/09 15:53:05 main.go:28: Нет ошибок - врач стоматолог-терапевт
2022/12/09 15:53:05 main.go:28: Нет ошибок - эстетическая реставрация
2022/12/09 15:53:05 main.go:28: Нет ошибок - умение работать с эндомотором, эндодонтия на высоком уровне
2022/12/09 15:53:05 main.go:28: Нет ошибок - способность быстро обучаться
2022/12/09 15:53:05 main.go:28: Нет ошибок - работа с оргтехникой
2022/12/09 15:53:05 main.go:28: Нет ошибок - умение работать с микроскопом zeiss, эндонаконечниками. вести качественный терапевтический прием сов
2022/12/09 15:53:05 main.go:28: Нет ошибок - катетеризация мочевого пузыря
2022/12/09 15:53:05 main.go:28: Нет ошибок - позитивное мышление
2022/12/09 15:53:05 main.go:28: Нет ошибок - эстетическая косметология
2022/12/09 15:53:05 main.go:28: Нет ошибок - заключение договоров
2022/12/09 15:53:05 main.go:28: Нет ошибок - деонтология
2022/12/09 15:53:05 main.go:28: Нет ошибок - оформление заказов
2022/12/09 15:53:05 main.go:28: Нет ошибок - диагностика и лечение заболеваний
2022/12/09 15:53:06 main.go:28: Нет ошибок - составление отчетности
2022/12/09 15:53:06 main.go:28: Нет ошибок - доктор наук
2022/12/09 15:53:06 main.go:28: Нет ошибок - умение находить общий язык
2022/12/09 15:53:06 main.go:28: Нет ошибок - covid-19
2022/12/09 15:53:06 main.go:28: Нет ошибок - работа с людьми
2022/12/09 15:53:06 main.go:28: Нет ошибок - диетология
2022/12/09 15:53:06 main.go:28: Нет ошибок - лечебный массаж
2022/12/09 15:53:06 main.go:28: Нет ошибок - проведение инвентаризаций
2022/12/09 15:53:06 main.go:28: Нет ошибок - оформление больничных листов и отпусков
2022/12/09 15:53:06 main.go:28: Нет ошибок - грамотная речь\хорошая дикция
2022/12/09 15:53:06 main.go:28: Нет ошибок - способности к межличностному деловому общению
2022/12/09 15:53:06 main.go:28: Нет ошибок - выездные мероприятия
2022/12/09 15:53:06 main.go:28: Нет ошибок - несъемное протезирование
2022/12/09 15:53:06 main.go:28: Нет ошибок - художественная реставрация
2022/12/09 15:53:07 main.go:28: Нет ошибок - умение планировать и грамотно организовывать рабочий процесс
2022/12/09 15:53:07 main.go:28: Нет ошибок - протезирование
2022/12/09 15:53:07 main.go:28: Нет ошибок - стоматолог, стоматолог детский, стоматолог терапевт
2022/12/09 15:53:07 main.go:28: Нет ошибок - диетическая кухня
2022/12/09 15:53:07 main.go:28: Нет ошибок - работа с пациентами
2022/12/09 15:53:07 main.go:28: Нет ошибок - приказ 29н
2022/12/09 15:53:07 main.go:28: Нет ошибок - ведение переписки
2022/12/09 15:53:07 main.go:28: Нет ошибок - терапевтическое лечение зубов разной степени сложности
2022/12/09 15:53:07 main.go:28: Нет ошибок - аппаратная косметология
2022/12/09 15:53:07 main.go:28: Нет ошибок - ведение отчетности
2022/12/09 15:53:07 main.go:28: Нет ошибок - ведение фотопротокола
2022/12/09 15:53:07 main.go:28: Нет ошибок - работа в коллективе
2022/12/09 15:53:07 main.go:28: Нет ошибок - моделирование
2022/12/09 15:53:07 main.go:28: Нет ошибок - эндодонтическая стоматология
2022/12/09 15:53:07 main.go:28: Нет ошибок - общественное питание
2022/12/09 15:53:07 main.go:28: Нет ошибок - работа с жалобами клиентов
2022/12/09 15:53:07 main.go:28: Нет ошибок - ведение истории болезни
2022/12/09 15:53:08 main.go:28: Нет ошибок - терпение
2022/12/09 15:53:08 main.go:28: Нет ошибок - современные методики лечения
2022/12/09 15:53:08 main.go:28: Нет ошибок - терапевтическая стоматология
2022/12/09 15:53:08 main.go:28: Нет ошибок - обучение персонала
2022/12/09 15:53:08 main.go:28: Нет ошибок - индивидуальный подход к клиенту
2022/12/09 15:53:08 main.go:28: Нет ошибок - рефлексотерапия
2022/12/09 15:53:08 main.go:28: Нет ошибок - сканер
2022/12/09 15:53:08 main.go:28: Нет ошибок - организационные навыки
2022/12/09 15:53:08 main.go:28: Нет ошибок - умение работать в команде специалистов-профессионалов
2022/12/09 15:53:08 main.go:28: Нет ошибок - статистический анализ
2022/12/09 15:53:08 main.go:28: Нет ошибок - дерматология
2022/12/09 15:53:08 main.go:28: Нет ошибок - стоматология терапевтическая
2022/12/09 15:53:08 main.go:28: Нет ошибок - эндодонтия
2022/12/09 15:53:08 main.go:28: Нет ошибок - контроль исполнения решений
2022/12/09 15:53:08 main.go:28: Нет ошибок - консультирование клиентов
2022/12/09 15:53:08 main.go:28: Нет ошибок - openoffice
2022/12/09 15:53:08 main.go:28: Нет ошибок - позитивный настрой
2022/12/09 15:53:09 main.go:28: Нет ошибок - математический анализ
2022/12/09 15:53:09 main.go:28: Нет ошибок - контроль сроков годности
2022/12/09 15:53:09 main.go:28: Нет ошибок - умение организовывать работу, планировать
2022/12/09 15:53:09 main.go:28: Нет ошибок - опыт работы в должности врача-терапевта обязателен
2022/12/09 15:53:09 main.go:28: Нет ошибок - высокая работоспособность
2022/12/09 15:53:09 main.go:28: Нет ошибок - экг
2022/12/09 15:53:09 main.go:28: Нет ошибок - свободное владение компьютером
2022/12/09 15:53:09 main.go:28: Нет ошибок - написание статей
2022/12/09 15:53:09 main.go:28: Нет ошибок - готовность обучаться
2022/12/09 15:53:09 main.go:28: Нет ошибок - уколы
2022/12/09 15:53:09 main.go:28: Нет ошибок - навыки обслуживания людей, умение проявлять тактичность и толерантность
2022/12/09 15:53:09 main.go:28: Нет ошибок - перевод медицинской литературы
2022/12/09 15:53:09 main.go:28: Нет ошибок - деловое общение
2022/12/09 15:53:09 main.go:28: Нет ошибок - работа с пациентами по дмс
2022/12/09 15:53:09 main.go:28: Нет ошибок - работа с документами постоянного хранения
2022/12/09 15:53:09 main.go:28: Нет ошибок - оперативные вмешательства
2022/12/09 15:53:10 main.go:28: Нет ошибок - spa
2022/12/09 15:53:10 main.go:28: Нет ошибок - работа с документами
2022/12/09 15:53:10 main.go:28: Нет ошибок - разработка меню
2022/12/09 15:53:10 main.go:28: Нет ошибок - ориентация на результат
2022/12/09 15:53:10 main.go:28: Нет ошибок - тайм-менеджмент
2022/12/09 15:53:10 main.go:28: Нет ошибок - усердность
2022/12/09 15:53:10 main.go:28: Нет ошибок - опыт работы с людьми
2022/12/09 15:53:10 main.go:28: Нет ошибок - организация мероприятий
2022/12/09 15:53:10 main.go:28: Нет ошибок - организация движения и учета документов
2022/12/09 15:53:10 main.go:28: Нет ошибок - эффективно управлять временем и людьми, находящимися в подчинении
2022/12/09 15:53:10 main.go:28: Нет ошибок - должностные инструкции
2022/12/09 15:53:10 main.go:28: Нет ошибок - объективность
2022/12/09 15:53:10 main.go:28: Нет ошибок - грамотная речь, умение убеждать
2022/12/09 15:53:10 main.go:28: Нет ошибок - ведение первичной документации
2022/12/09 15:53:10 main.go:28: Нет ошибок - работа с детьми
2022/12/09 15:53:10 main.go:28: Нет ошибок - умение работать в команде и самостоятельно
2022/12/09 15:53:10 main.go:28: Нет ошибок - оказание неотложной помощи
2022/12/09 15:53:10 main.go:28: Нет ошибок - cad
2022/12/09 15:53:10 main.go:28: Нет ошибок - детская психология
2022/12/09 15:53:11 main.go:28: Нет ошибок - пациентоориентированность
2022/12/09 15:53:11 main.go:28: Нет ошибок - знание программы "промед"
2022/12/09 15:53:11 main.go:28: Нет ошибок - документооборот
2022/12/09 15:53:11 main.go:28: Нет ошибок - медицинское обслуживание
2022/12/09 15:53:11 main.go:28: Нет ошибок - терапия
2022/12/09 15:53:11 main.go:28: Нет ошибок - ms access
2022/12/09 15:53:11 main.go:28: Нет ошибок - оператор пк
2022/12/09 15:53:11 main.go:28: Нет ошибок - консультирование клиентов по телефону
2022/12/09 15:53:11 main.go:28: Нет ошибок - стандарты оказания медицинской помощи
2022/12/09 15:53:11 main.go:28: Нет ошибок - ms dos
2022/12/09 15:53:11 main.go:28: Нет ошибок - лечение кариеса и его осложнений, реставрация, гигиена.
2022/12/09 15:53:11 main.go:28: Нет ошибок - стремление развиваться
2022/12/09 15:53:11 main.go:28: Нет ошибок - работа с пк
2022/12/09 15:53:11 main.go:28: Нет ошибок - гибкость
2022/12/09 15:53:11 main.go:28: Нет ошибок - да, высшее
2022/12/09 15:53:11 main.go:28: Нет ошибок - ревматология
2022/12/09 15:53:12 main.go:28: Нет ошибок - обучение
2022/12/09 15:53:12 main.go:28: Нет ошибок - врач кардиолог
2022/12/09 15:53:12 main.go:28: Нет ошибок - аппаратные способы профессиональной гигиены полости рта.
2022/12/09 15:53:12 main.go:28: Нет ошибок - знание иностранных языков
2022/12/09 15:53:12 main.go:28: Нет ошибок - материальная ответственность
2022/12/09 15:53:12 main.go:28: Нет ошибок - спортивная медицина
2022/12/09 15:53:12 main.go:28: Нет ошибок - технология производства
2022/12/09 15:53:12 main.go:28: Нет ошибок - высшее образование
2022/12/09 15:53:12 main.go:28: Нет ошибок - проведение презентаций
2022/12/09 15:53:12 main.go:28: Нет ошибок - врач участковый-терапевт
2022/12/09 15:53:12 main.go:28: Нет ошибок - массаж классический
2022/12/09 15:53:12 main.go:28: Нет ошибок - взаимодействие с государственными контролирующими органами
2022/12/09 15:53:12 main.go:28: Нет ошибок - точность и внимательность к деталям
2022/12/09 15:53:12 main.go:28: Нет ошибок - композитные виниры
2022/12/09 15:53:12 main.go:28: Нет ошибок - работа с клиентами
2022/12/09 15:53:13 main.go:28: Нет ошибок - лечебное дело
2022/12/09 15:53:13 main.go:28: Нет ошибок - оперативный поиск информации в сети интернет
2022/12/09 15:53:13 main.go:28: Нет ошибок - гастроэнтерология
2022/12/09 15:53:13 main.go:28: Нет ошибок - желание обучаться
2022/12/09 15:53:13 main.go:28: Нет ошибок - контроль качества
2022/12/09 15:53:13 main.go:28: Нет ошибок - управление производственным персоналом
2022/12/09 15:53:13 main.go:28: Нет ошибок - организация благотворительных мероприятий
2022/12/09 15:53:13 main.go:28: Нет ошибок - измерение температуры
2022/12/09 15:53:13 main.go:28: Нет ошибок - образованность
2022/12/09 15:53:13 main.go:28: Нет ошибок - водительское удостоверение категории b
2022/12/09 15:53:13 main.go:28: Нет ошибок - предполетные досмотры
2022/12/09 15:53:13 main.go:28: Нет ошибок - консультирование
2022/12/09 15:53:13 main.go:28: Нет ошибок - врач
2022/12/09 15:53:13 main.go:28: Нет ошибок - стерилизация инструментов
2022/12/09 15:53:13 main.go:28: Нет ошибок - микроскоп
2022/12/09 15:53:13 main.go:28: Нет ошибок - документальное сопровождение
2022/12/09 15:53:13 main.go:28: Нет ошибок - реставрация зубов
2022/12/09 15:53:13 main.go:28: Нет ошибок - ответственность и пунктуальность
2022/12/09 15:53:13 main.go:28: Нет ошибок - навыки продаж
2022/12/09 15:53:14 main.go:25: Исправили навык - подготовка зубов под протезирование, микропротезирование
2022/12/09 15:53:14 main.go:28: Нет ошибок - неконфликтность
2022/12/09 15:53:14 main.go:28: Нет ошибок - тренинги
2022/12/09 15:53:14 main.go:28: Нет ошибок - организаторские навыки
2022/12/09 15:53:14 main.go:28: Нет ошибок - написание текстов
2022/12/09 15:53:14 main.go:28: Нет ошибок - эмпатия
2022/12/09 15:53:14 main.go:28: Нет ошибок - собеседование
2022/12/09 15:53:14 main.go:28: Нет ошибок - skype
2022/12/09 15:53:14 main.go:28: Нет ошибок - первичная документация
2022/12/09 15:53:14 main.go:28: Нет ошибок - многозадачность
2022/12/09 15:53:14 main.go:28: Нет ошибок - водительские права категории в
2022/12/09 15:53:14 main.go:28: Нет ошибок - уравновешенность
2022/12/09 15:53:14 main.go:28: Нет ошибок - ms internet explorer
2022/12/09 15:53:14 main.go:28: Нет ошибок - наличие действующего сертификата
2022/12/09 15:53:14 main.go:28: Нет ошибок - ортопедия
2022/12/09 15:53:14 main.go:28: Нет ошибок - кардиология
2022/12/09 15:53:14 main.go:28: Нет ошибок - консультация
2022/12/09 15:53:14 main.go:28: Нет ошибок - лечащий врач
2022/12/09 15:53:14 main.go:28: Нет ошибок - съемное протезирование
2022/12/09 15:53:14 main.go:28: Нет ошибок - дружелюбность
2022/12/09 15:53:15 main.go:28: Нет ошибок - реабилитация
2022/12/09 15:53:15 main.go:28: Нет ошибок - навыки межличностного общения
2022/12/09 15:53:15 main.go:28: Нет ошибок - умение расставлять приоритеты
2022/12/09 15:53:15 main.go:28: Нет ошибок - умение находить подход к людям
2022/12/09 15:53:15 main.go:28: Нет ошибок - умение работать с людьми
2022/12/09 15:53:15 main.go:28: Нет ошибок - ведение пациентов в стационаре
2022/12/09 15:53:15 main.go:28: Нет ошибок - врач-терапевт
2022/12/09 15:53:15 main.go:28: Нет ошибок - электронный документооборот
2022/12/09 15:53:15 main.go:28: Нет ошибок - урегулирование конфликтов
2022/12/09 15:53:15 main.go:28: Нет ошибок - эстетическая реставрация, отбеливание.
2022/12/09 15:53:15 main.go:28: Нет ошибок - знание современных методик мануальной терапии
2022/12/09 15:53:15 main.go:28: Нет ошибок - умение объяснять
2022/12/09 15:53:15 main.go:28: Нет ошибок - детская стоматология
2022/12/09 15:53:15 main.go:28: Нет ошибок - коммуникабельность профессионализм порядочность
2022/12/09 15:53:15 main.go:28: Нет ошибок - желание работать и развиваться
2022/12/09 15:53:15 main.go:28: Нет ошибок - пользователь пк
2022/12/09 15:53:15 main.go:28: Нет ошибок - социальная психология
2022/12/09 15:53:15 main.go:28: Нет ошибок - ведение приема в поликлинике, выполнение организационной, диагностической, консультативной, лечебной
2022/12/09 15:53:15 main.go:28: Нет ошибок - управление персоналом
2022/12/09 15:53:15 main.go:28: Нет ошибок - работа с физическими лицами
2022/12/09 15:53:16 main.go:28: Нет ошибок - врач терапевт-кардиолог
2022/12/09 15:53:16 main.go:28: Нет ошибок - первичные документы
2022/12/09 15:53:16 main.go:28: Нет ошибок - лечение пациентов
2022/12/09 15:53:16 main.go:28: Нет ошибок - инфоклиника
2022/12/09 15:53:16 main.go:28: Нет ошибок - поиск информации в интернет
2022/12/09 15:53:16 main.go:28: Нет ошибок - врач участковый терапевт
2022/12/09 15:53:16 main.go:28: Нет ошибок - автоматизация медицинских процессов
2022/12/09 15:53:16 main.go:28: Нет ошибок - предсменные, послесменные медицинские осмотры
2022/12/09 15:53:16 main.go:28: Нет ошибок - врач терапевт
2022/12/09 15:53:16 main.go:28: Нет ошибок - желание работать и зарабатывать
2022/12/09 15:53:16 main.go:28: Нет ошибок - обеспечение жизнедеятельности офиса
2022/12/09 15:53:16 main.go:28: Нет ошибок - работа в 4 руки
2022/12/09 15:53:16 main.go:28: Нет ошибок - английский язык
2022/12/09 15:53:16 main.go:28: Нет ошибок - первичное обследование
2022/12/09 15:53:16 main.go:28: Нет ошибок - неотложная помощь
2022/12/09 15:53:16 main.go:28: Нет ошибок - стоматолог
2022/12/09 15:53:16 main.go:28: Нет ошибок - отчетность
2022/12/09 15:53:16 main.go:28: Нет ошибок - отбеливание зубов
2022/12/09 15:53:16 main.go:28: Нет ошибок - организация встреч
2022/12/09 15:53:17 main.go:28: Нет ошибок - знание компьютера
2022/12/09 15:53:17 main.go:28: Нет ошибок - ms paint
2022/12/09 15:53:17 main.go:25: Исправили навык - написание научных статей
2022/12/09 15:53:17 main.go:28: Нет ошибок - сохранение и укрепление здоровья взрослого населения
2022/12/09 15:53:17 main.go:28: Нет ошибок - работа с коффердамом.
2022/12/09 15:53:17 main.go:28: Нет ошибок - работоспособность
2022/12/09 15:53:17 main.go:28: Нет ошибок - желание зарабатывать
2022/12/09 15:53:17 main.go:28: Нет ошибок - google chrome
2022/12/09 15:53:17 main.go:28: Нет ошибок - эффективное принятие решений
2022/12/09 15:53:17 main.go:28: Нет ошибок - оформление документации
2022/12/09 15:53:17 main.go:28: Нет ошибок - ортопедическая стоматология
2022/12/09 15:53:17 main.go:28: Нет ошибок - работа с претензиями
2022/12/09 15:53:17 main.go:28: Нет ошибок - обучение сотрудников
2022/12/09 15:53:17 main.go:28: Нет ошибок - управление отношениями с клиентами
2022/12/09 15:53:17 main.go:28: Нет ошибок - мануальная терапия
2022/12/09 15:53:17 main.go:28: Нет ошибок - опыт консультирования
2022/12/09 15:53:17 main.go:28: Нет ошибок - оказание первой медицинской помощи
2022/12/09 15:53:17 main.go:28: Нет ошибок - составление предложений о работе
2022/12/09 15:53:17 main.go:28: Нет ошибок - коммуникабельность, профессионализм, умение работать в команде
2022/12/09 15:53:18 main.go:28: Нет ошибок - капельницы
2022/12/09 15:53:18 main.go:28: Нет ошибок - лечение зубов
2022/12/09 15:53:18 main.go:28: Нет ошибок - ведение документации
2022/12/09 15:53:18 main.go:28: Нет ошибок - медицинское образование
2022/12/09 15:53:18 main.go:28: Нет ошибок - коммуникабельность, ответственность
2022/12/09 15:53:18 main.go:28: Нет ошибок - способность эффективно решать проблемы
2022/12/09 15:53:18 main.go:28: Нет ошибок - планирование карьеры
2022/12/09 15:53:18 main.go:28: Нет ошибок - ms powerpoint
2022/12/09 15:53:18 main.go:28: Нет ошибок - стремление к повышению профессионального уровня
2022/12/09 15:53:18 main.go:28: Нет ошибок - грамотность
2022/12/09 15:53:18 main.go:28: Нет ошибок - ответственное хранение
2022/12/09 15:53:18 main.go:28: Нет ошибок - трудовой кодекс рф
2022/12/09 15:53:18 main.go:28: Нет ошибок - пилинг
2022/12/09 15:53:18 main.go:28: Нет ошибок - онкология
2022/12/09 15:53:18 main.go:28: Нет ошибок - навыки работы с первичной документацией
2022/12/09 15:53:18 main.go:28: Нет ошибок - умение обрабатывать большое количество информации
2022/12/09 15:53:18 main.go:28: Нет ошибок - мсэ (медико-социальная экспертиза)
2022/12/09 15:53:18 main.go:28: Нет ошибок - проведение опросов клиентов
2022/12/09 15:53:18 main.go:28: Нет ошибок - массаж
2022/12/09 15:53:19 main.go:28: Нет ошибок - навыки составления отчетности
2022/12/09 15:53:19 main.go:28: Нет ошибок - рентгенография
2022/12/09 15:53:19 main.go:28: Нет ошибок - высококвалифицированная медицинская помощь
2022/12/09 15:53:19 main.go:28: Нет ошибок - руководство коллективом
2022/12/09 15:53:19 main.go:28: Нет ошибок - пульпит
2022/12/09 15:53:19 main.go:28: Нет ошибок - перелечивание
2022/12/09 15:53:19 main.go:28: Нет ошибок - деловая этика
